[I 2022-06-03 16:49:40,386] Trial 0 finished with values: [0.690913200378418, 0.732884407043457, 0.7819148898124695, 0.6599326729774475, 0.7157638669013977, 0.45509886741638184] and parameters: {'learning_rate': 0.0005870740733239394, 'seed': 14, 'per_gpu_batch_size': 30}. 
63 0.00019150541781863472 96
[I 2022-06-03 16:53:20,199] Trial 1 finished with values: [0.6950873732566833, 0.7497194409370422, 0.7945205569267273, 0.650954008102417, 0.7156076431274414, 0.44437408447265625] and parameters: {'learning_rate': 0.00019150541781863472, 'seed': 63, 'per_gpu_batch_size': 96}. 
48 0.0009872534354716073 110
[I 2022-06-03 16:55:01,882] Trial 2 finished with values: [0.6898220777511597, 0.7340067625045776, 0.8005390763282776, 0.6666666865348816, 0.7274953722953796, 0.4570956230163574] and parameters: {'learning_rate': 0.0009872534354716073, 'seed': 48, 'per_gpu_batch_size': 110}. 
97 2.3416442159960607e-05 59
[I 2022-06-03 16:59:41,459] Trial 3 finished with values: [0.8430266976356506, 0.6677889823913574, 0.7858319878578186, 0.5353535413742065, 0.6368491053581238, 0.2784876227378845] and parameters: {'learning_rate': 2.3416442159960607e-05, 'seed': 97, 'per_gpu_batch_size': 59}. 
97 0.0006693860930786202 95
[I 2022-06-03 17:01:58,574] Trial 4 finished with values: [0.7069069743156433, 0.7227833867073059, 0.7767379879951477, 0.6520763039588928, 0.7089688777923584, 0.43535688519477844] and parameters: {'learning_rate': 0.0006693860930786202, 'seed': 97, 'per_gpu_batch_size': 95}. 
23 0.0004306925071972148 60
[I 2022-06-03 17:04:38,393] Trial 5 finished with values: [0.6824725866317749, 0.72951740026474, 0.7975543737411499, 0.6588103175163269, 0.7215734720230103, 0.459686815738678] and parameters: {'learning_rate': 0.0004306925071972148, 'seed': 23, 'per_gpu_batch_size': 60}. 
100 0.0008182202956993351 117
[I 2022-06-03 17:08:17,899] Trial 6 finished with values: [0.6703196167945862, 0.7317620515823364, 0.789750337600708, 0.6745229959487915, 0.7276028990745544, 0.4737892746925354] and parameters: {'learning_rate': 0.0008182202956993351, 'seed': 100, 'per_gpu_batch_size': 117}. 
18 0.00046496050388135363 95
[I 2022-06-03 17:10:57,391] Trial 7 finished with values: [0.7027385234832764, 0.7205387353897095, 0.7780784964561462, 0.6453422904014587, 0.7055214047431946, 0.4340365529060364] and parameters: {'learning_rate': 0.00046496050388135363, 'seed': 18, 'per_gpu_batch_size': 95}. 
23 0.0007146022934884652 23
[I 2022-06-03 17:13:39,773] Trial 8 finished with values: [0.6890434622764587, 0.7362514138221741, 0.792119562625885, 0.654321014881134, 0.7166564464569092, 0.4581030011177063] and parameters: {'learning_rate': 0.0007146022934884652, 'seed': 23, 'per_gpu_batch_size': 23}. 
1 0.0009533791852470105 47
[I 2022-06-03 17:16:19,044] Trial 9 finished with values: [0.6685079336166382, 0.7351290583610535, 0.7945736646652222, 0.6902356743812561, 0.7387387156486511, 0.4851125180721283] and parameters: {'learning_rate': 0.0009533791852470105, 'seed': 1, 'per_gpu_batch_size': 47}. 
89 0.00037364189164004345 75
[I 2022-06-03 17:19:58,262] Trial 10 finished with values: [0.6937572360038757, 0.7340067625045776, 0.7748690843582153, 0.6644219756126404, 0.7154079079627991, 0.44392794370651245] and parameters: {'learning_rate': 0.00037364189164004345, 'seed': 89, 'per_gpu_batch_size': 75}. 
25 0.0009642106307303797 109
[I 2022-06-03 17:21:54,176] Trial 11 finished with values: [0.682717502117157, 0.7384960651397705, 0.7903226017951965, 0.6599326729774475, 0.7192660570144653, 0.45555579662323] and parameters: {'learning_rate': 0.0009642106307303797, 'seed': 25, 'per_gpu_batch_size': 109}. 
81 0.0003472120090945426 54
[I 2022-06-03 17:24:41,836] Trial 12 finished with values: [0.6863479614257812, 0.7317620515823364, 0.8057851195335388, 0.6565656661987305, 0.7235621213912964, 0.4834371507167816] and parameters: {'learning_rate': 0.0003472120090945426, 'seed': 81, 'per_gpu_batch_size': 54}. 
89 0.00020985976458791713 27
[I 2022-06-03 17:28:21,185] Trial 13 finished with values: [0.6792850494384766, 0.7317620515823364, 0.7950481176376343, 0.6487092971801758, 0.7144622802734375, 0.44739216566085815] and parameters: {'learning_rate': 0.00020985976458791713, 'seed': 89, 'per_gpu_batch_size': 27}. 
44 0.0005995670718473951 84
[I 2022-06-03 17:31:00,568] Trial 14 finished with values: [0.6856384873390198, 0.7452300786972046, 0.795945942401886, 0.6610549688339233, 0.7222561836242676, 0.45730140805244446] and parameters: {'learning_rate': 0.0005995670718473951, 'seed': 44, 'per_gpu_batch_size': 84}. 
75 0.0006764948700611885 111
[I 2022-06-03 17:32:48,357] Trial 15 finished with values: [0.6994600296020508, 0.7283950448036194, 0.7967032790184021, 0.650954008102417, 0.7164916396141052, 0.4454091191291809] and parameters: {'learning_rate': 0.0006764948700611885, 'seed': 75, 'per_gpu_batch_size': 111}. 
58 0.0007610398277184877 19
[I 2022-06-03 17:34:27,590] Trial 16 finished with values: [0.7056227922439575, 0.7317620515823364, 0.7760210633277893, 0.6610549688339233, 0.7139393091201782, 0.4361911416053772] and parameters: {'learning_rate': 0.0007610398277184877, 'seed': 58, 'per_gpu_batch_size': 19}. 
52 0.00044165956733584406 81
[I 2022-06-03 17:36:53,100] Trial 17 finished with values: [0.6917527318000793, 0.7283950448036194, 0.8010973930358887, 0.6554433107376099, 0.7209876775741577, 0.477355420589447] and parameters: {'learning_rate': 0.00044165956733584406, 'seed': 52, 'per_gpu_batch_size': 81}. 
93 0.0009064948982312917 100
[I 2022-06-03 17:39:03,028] Trial 18 finished with values: [0.6836971640586853, 0.7340067625045776, 0.7889785170555115, 0.6588103175163269, 0.7180428504943848, 0.4720386266708374] and parameters: {'learning_rate': 0.0009064948982312917, 'seed': 93, 'per_gpu_batch_size': 100}. 
17 0.00010080829982055024 126
[I 2022-06-03 17:42:59,400] Trial 19 finished with values: [0.737174391746521, 0.7093153595924377, 0.7985185384750366, 0.604938268661499, 0.6883780360221863, 0.3949131965637207] and parameters: {'learning_rate': 0.00010080829982055024, 'seed': 17, 'per_gpu_batch_size': 126}. 
41 0.0008339357098169759 63
[I 2022-06-03 17:45:38,840] Trial 20 finished with values: [0.6805001497268677, 0.7384960651397705, 0.803523063659668, 0.665544331073761, 0.7280540466308594, 0.4788447618484497] and parameters: {'learning_rate': 0.0008339357098169759, 'seed': 41, 'per_gpu_batch_size': 63}. 
56 0.0007316513467703057 111
[I 2022-06-03 17:47:33,853] Trial 21 finished with values: [0.6959251761436462, 0.7317620515823364, 0.791208803653717, 0.6464646458625793, 0.7115502953529358, 0.45903629064559937] and parameters: {'learning_rate': 0.0007316513467703057, 'seed': 56, 'per_gpu_batch_size': 111}. 
24 0.0006187561796888864 16
[I 2022-06-03 17:50:13,123] Trial 22 finished with values: [0.6864569783210754, 0.7351290583610535, 0.7933774590492249, 0.6722783446311951, 0.7278250455856323, 0.474301815032959] and parameters: {'learning_rate': 0.0006187561796888864, 'seed': 24, 'per_gpu_batch_size': 16}. 
81 0.00016778020056773193 80
[I 2022-06-03 17:54:16,439] Trial 23 finished with values: [0.6883771419525146, 0.7373737096786499, 0.7945945858955383, 0.6599326729774475, 0.721030056476593, 0.4763769805431366] and parameters: {'learning_rate': 0.00016778020056773193, 'seed': 81, 'per_gpu_batch_size': 80}. 
5 0.0006940485027700235 26
[I 2022-06-03 17:55:53,776] Trial 24 finished with values: [0.7030279040336609, 0.7306397557258606, 0.7819148898124695, 0.6599326729774475, 0.7157638669013977, 0.4519074559211731] and parameters: {'learning_rate': 0.0006940485027700235, 'seed': 5, 'per_gpu_batch_size': 26}. 
60 0.0003973506899708238 118
[I 2022-06-03 17:59:33,271] Trial 25 finished with values: [0.6913812756538391, 0.7429854273796082, 0.7988904118537903, 0.6464646458625793, 0.714640200138092, 0.45477524399757385] and parameters: {'learning_rate': 0.0003973506899708238, 'seed': 60, 'per_gpu_batch_size': 118}. 
87 0.0005972165697706069 37
[I 2022-06-03 18:01:24,291] Trial 26 finished with values: [0.6971495747566223, 0.732884407043457, 0.7980769276618958, 0.6520763039588928, 0.71772700548172, 0.4705911874771118] and parameters: {'learning_rate': 0.0005972165697706069, 'seed': 87, 'per_gpu_batch_size': 37}. 
45 0.0007093067321694474 24
[I 2022-06-03 18:04:03,732] Trial 27 finished with values: [0.6778714656829834, 0.7508417367935181, 0.8094594478607178, 0.6722783446311951, 0.7345186471939087, 0.4821488857269287] and parameters: {'learning_rate': 0.0007093067321694474, 'seed': 45, 'per_gpu_batch_size': 24}. 
38 0.0007426966598760354 71
[I 2022-06-03 18:05:43,068] Trial 28 finished with values: [0.695266604423523, 0.7250280380249023, 0.7855191230773926, 0.6453422904014587, 0.708564281463623, 0.45705950260162354] and parameters: {'learning_rate': 0.0007426966598760354, 'seed': 38, 'per_gpu_batch_size': 71}. 
99 2.8845261434260348e-05 80
[I 2022-06-03 18:10:22,707] Trial 29 finished with values: [0.8033872246742249, 0.6857463717460632, 0.7987321615219116, 0.5656565427780151, 0.6622864603996277, 0.3059888482093811] and parameters: {'learning_rate': 2.8845261434260348e-05, 'seed': 99, 'per_gpu_batch_size': 80}. 
38 6.493090473569418e-05 72
[I 2022-06-03 18:14:27,602] Trial 30 finished with values: [0.7443913221359253, 0.7216610312461853, 0.7935103178024292, 0.6038159132003784, 0.6857870817184448, 0.39301007986068726] and parameters: {'learning_rate': 6.493090473569418e-05, 'seed': 38, 'per_gpu_batch_size': 72}. 
95 0.0005124363623437415 32
[I 2022-06-03 18:17:07,006] Trial 31 finished with values: [0.686073899269104, 0.7384960651397705, 0.7943925261497498, 0.6677889823913574, 0.7256097197532654, 0.44853878021240234] and parameters: {'learning_rate': 0.0005124363623437415, 'seed': 95, 'per_gpu_batch_size': 32}. 
88 0.0008758310333627369 73
[I 2022-06-03 18:19:46,321] Trial 32 finished with values: [0.685949444770813, 0.747474730014801, 0.786928117275238, 0.6756453514099121, 0.727053165435791, 0.4874323308467865] and parameters: {'learning_rate': 0.0008758310333627369, 'seed': 88, 'per_gpu_batch_size': 73}. 
93 0.0004502393161380443 116
[I 2022-06-03 18:23:25,750] Trial 33 finished with values: [0.6845840215682983, 0.7452300786972046, 0.8068027496337891, 0.665544331073761, 0.7293972969055176, 0.4703528881072998] and parameters: {'learning_rate': 0.0004502393161380443, 'seed': 93, 'per_gpu_batch_size': 116}. 
16 0.0002993407355554966 111
[I 2022-06-03 18:26:33,746] Trial 34 finished with values: [0.6872559785842896, 0.7418630719184875, 0.8124138116836548, 0.6610549688339233, 0.728960394859314, 0.4821203947067261] and parameters: {'learning_rate': 0.0002993407355554966, 'seed': 16, 'per_gpu_batch_size': 111}. 
35 0.0004423124417811806 30
[I 2022-06-03 18:28:54,138] Trial 35 finished with values: [0.6804590225219727, 0.7362514138221741, 0.8010973930358887, 0.6554433107376099, 0.7209876775741577, 0.4623173475265503] and parameters: {'learning_rate': 0.0004423124417811806, 'seed': 35, 'per_gpu_batch_size': 30}. 
96 0.0005001012924394594 28
[I 2022-06-03 18:31:34,088] Trial 36 finished with values: [0.6861581802368164, 0.7429854273796082, 0.7872062921524048, 0.6767676472663879, 0.7278212904930115, 0.460849404335022] and parameters: {'learning_rate': 0.0005001012924394594, 'seed': 96, 'per_gpu_batch_size': 28}. 
47 0.000828645818320205 35
[I 2022-06-03 18:33:26,021] Trial 37 finished with values: [0.6848312616348267, 0.7429854273796082, 0.7878788113594055, 0.6711559891700745, 0.7248485088348389, 0.4665057361125946] and parameters: {'learning_rate': 0.000828645818320205, 'seed': 47, 'per_gpu_batch_size': 35}. 
87 0.0008506792642282865 50
[I 2022-06-03 18:35:28,028] Trial 38 finished with values: [0.6969714164733887, 0.7362514138221741, 0.7861799001693726, 0.6767676472663879, 0.7273823022842407, 0.46239709854125977] and parameters: {'learning_rate': 0.0008506792642282865, 'seed': 87, 'per_gpu_batch_size': 50}. 
18 0.0007597420083078003 94
[I 2022-06-03 18:37:31,079] Trial 39 finished with values: [0.6949555277824402, 0.7250280380249023, 0.7834645509719849, 0.6700336933135986, 0.7223230600357056, 0.45482414960861206] and parameters: {'learning_rate': 0.0007597420083078003, 'seed': 18, 'per_gpu_batch_size': 94}. 
45 0.0007394720248327058 106
[I 2022-06-03 18:39:42,365] Trial 40 finished with values: [0.6832858920097351, 0.732884407043457, 0.8040816187858582, 0.6632996797561646, 0.7269372940063477, 0.48140788078308105] and parameters: {'learning_rate': 0.0007394720248327058, 'seed': 45, 'per_gpu_batch_size': 106}. 
98 0.00029557448963857285 94
[I 2022-06-03 18:42:43,612] Trial 41 finished with values: [0.6914830207824707, 0.7373737096786499, 0.793433666229248, 0.650954008102417, 0.7151665091514587, 0.45725491642951965] and parameters: {'learning_rate': 0.00029557448963857285, 'seed': 98, 'per_gpu_batch_size': 94}. 
85 0.0004992616340257984 30
[I 2022-06-03 18:44:21,716] Trial 42 finished with values: [0.6985481381416321, 0.7351290583610535, 0.7913278937339783, 0.6554433107376099, 0.7170042991638184, 0.4700498878955841] and parameters: {'learning_rate': 0.0004992616340257984, 'seed': 85, 'per_gpu_batch_size': 30}. 
66 0.0008434776606226305 45
[I 2022-06-03 18:45:44,123] Trial 43 finished with values: [0.6945561766624451, 0.7530864477157593, 0.8117154836654663, 0.6531986594200134, 0.7238805890083313, 0.4403219223022461] and parameters: {'learning_rate': 0.0008434776606226305, 'seed': 66, 'per_gpu_batch_size': 45}. 
42 0.0003292073009132583 105
[I 2022-06-03 18:49:23,428] Trial 44 finished with values: [0.6960842609405518, 0.7317620515823364, 0.793433666229248, 0.650954008102417, 0.7151665091514587, 0.430794894695282] and parameters: {'learning_rate': 0.0003292073009132583, 'seed': 42, 'per_gpu_batch_size': 105}. 
95 0.0007104340517048274 57
[I 2022-06-03 18:51:02,899] Trial 45 finished with values: [0.6992812752723694, 0.7216610312461853, 0.800000011920929, 0.6374859809875488, 0.7095565795898438, 0.4487079381942749] and parameters: {'learning_rate': 0.0007104340517048274, 'seed': 95, 'per_gpu_batch_size': 57}. 
61 0.00028193400922422654 103
[I 2022-06-03 18:54:42,220] Trial 46 finished with values: [0.6744939088821411, 0.7407407164573669, 0.8032786846160889, 0.6599326729774475, 0.7245841026306152, 0.4590354561805725] and parameters: {'learning_rate': 0.00028193400922422654, 'seed': 61, 'per_gpu_batch_size': 103}. 
14 0.000744400485222047 113
[I 2022-06-03 18:56:36,846] Trial 47 finished with values: [0.6967902779579163, 0.7362514138221741, 0.7964481115341187, 0.654321014881134, 0.7184226512908936, 0.4618164300918579] and parameters: {'learning_rate': 0.000744400485222047, 'seed': 14, 'per_gpu_batch_size': 113}. 
91 0.0004037119405425117 59