[I 2022-06-03 18:10:45,417] A new study created in RDB with name: FBROstudy-BERT-CNN
62 0.0004885276563378777 51
[I 2022-06-03 18:13:28,645] Trial 0 finished with values: [0.5856245160102844, 0.808080792427063, 0.8225616812705994, 0.7856341004371643, 0.8036739230155945, 0.6826043128967285] and parameters: {'learning_rate': 0.0004885276563378777, 'seed': 62, 'per_gpu_batch_size': 51}. 
5 0.00036641981015588773 44
[I 2022-06-03 18:16:09,856] Trial 1 finished with values: [0.5519050359725952, 0.8092031478881836, 0.8307322859764099, 0.7766554355621338, 0.8027842044830322, 0.5887882709503174] and parameters: {'learning_rate': 0.00036641981015588773, 'seed': 5, 'per_gpu_batch_size': 44}. 
11 2.3326584892673574e-05 84
[I 2022-06-03 18:20:23,198] Trial 2 finished with values: [0.7125401496887207, 0.7340067625045776, 0.8243831396102905, 0.6374859809875488, 0.7189874053001404, 0.4065060615539551] and parameters: {'learning_rate': 2.3326584892673574e-05, 'seed': 11, 'per_gpu_batch_size': 84}. 
95 0.0006184323394529891 82
[I 2022-06-03 18:23:03,344] Trial 3 finished with values: [0.5261476039886475, 0.808080792427063, 0.8476420640945435, 0.7867564558982849, 0.81606525182724, 0.6245601177215576] and parameters: {'learning_rate': 0.0006184323394529891, 'seed': 95, 'per_gpu_batch_size': 82}. 
87 0.00016204461230797106 104
[I 2022-06-03 18:26:43,485] Trial 4 finished with values: [0.5628882050514221, 0.7923681139945984, 0.8292078971862793, 0.7519640922546387, 0.788699209690094, 0.590157151222229] and parameters: {'learning_rate': 0.00016204461230797106, 'seed': 87, 'per_gpu_batch_size': 104}. 
56 0.0005977275326610994 78
[I 2022-06-03 18:28:23,576] Trial 5 finished with values: [0.5627750754356384, 0.808080792427063, 0.832929790019989, 0.7721661329269409, 0.8013978004455566, 0.5911332368850708] and parameters: {'learning_rate': 0.0005977275326610994, 'seed': 56, 'per_gpu_batch_size': 78}. 
34 0.00028054337880985416 114
[I 2022-06-03 18:30:59,760] Trial 6 finished with values: [0.5753658413887024, 0.7912458181381226, 0.8145859241485596, 0.7396184206008911, 0.7752941250801086, 0.5289503931999207] and parameters: {'learning_rate': 0.00028054337880985416, 'seed': 34, 'per_gpu_batch_size': 114}. 
6 1.811638609653143e-05 51
[I 2022-06-03 18:35:27,645] Trial 7 finished with values: [0.7124502658843994, 0.72951740026474, 0.8303303122520447, 0.6206509470939636, 0.7103403806686401, 0.3821181654930115] and parameters: {'learning_rate': 1.811638609653143e-05, 'seed': 6, 'per_gpu_batch_size': 51}. 
64 0.0004997040758284774 93
[I 2022-06-03 18:37:06,101] Trial 8 finished with values: [0.5556070804595947, 0.7912458181381226, 0.8302122354507446, 0.7463524341583252, 0.7860520482063293, 0.5626185536384583] and parameters: {'learning_rate': 0.0004997040758284774, 'seed': 64, 'per_gpu_batch_size': 93}. 
5 0.00011973827613177116 68
[I 2022-06-03 18:40:56,757] Trial 9 finished with values: [0.5745550990104675, 0.8092031478881836, 0.844660222530365, 0.7811447978019714, 0.8116618394851685, 0.6742316484451294] and parameters: {'learning_rate': 0.00011973827613177116, 'seed': 5, 'per_gpu_batch_size': 68}. 
87 0.0007612040400048022 43
[I 2022-06-03 18:42:37,320] Trial 10 finished with values: [0.5664903521537781, 0.8013467788696289, 0.8361858129501343, 0.7676767706871033, 0.8004681468009949, 0.5960059762001038] and parameters: {'learning_rate': 0.0007612040400048022, 'seed': 87, 'per_gpu_batch_size': 43}. 
76 0.0002772374410526217 41
[I 2022-06-03 18:44:46,721] Trial 11 finished with values: [0.5463141202926636, 0.8035914897918701, 0.8357664346694946, 0.7710437774658203, 0.8021016120910645, 0.6331522464752197] and parameters: {'learning_rate': 0.0002772374410526217, 'seed': 76, 'per_gpu_batch_size': 41}. 
14 0.0008427602198252945 50
[I 2022-06-03 18:47:26,802] Trial 12 finished with values: [0.5603389739990234, 0.796857476234436, 0.836515486240387, 0.7867564558982849, 0.8108733296394348, 0.6925355195999146] and parameters: {'learning_rate': 0.0008427602198252945, 'seed': 14, 'per_gpu_batch_size': 50}. 
51 0.0006675387687123698 74
[I 2022-06-03 18:49:06,464] Trial 13 finished with values: [0.5658897757530212, 0.808080792427063, 0.8337320685386658, 0.7822670936584473, 0.8071800470352173, 0.5890073776245117] and parameters: {'learning_rate': 0.0006675387687123698, 'seed': 51, 'per_gpu_batch_size': 74}. 
47 0.00019058406733889308 50
[I 2022-06-03 18:52:46,359] Trial 14 finished with values: [0.5429205298423767, 0.8136925101280212, 0.8451380729675293, 0.790123462677002, 0.8167053461074829, 0.6874598264694214] and parameters: {'learning_rate': 0.00019058406733889308, 'seed': 47, 'per_gpu_batch_size': 50}. 
34 0.00012729547179163533 34
[I 2022-06-03 18:56:26,222] Trial 15 finished with values: [0.5562435388565063, 0.8035914897918701, 0.8408812880516052, 0.7710437774658203, 0.8044496178627014, 0.6422131657600403] and parameters: {'learning_rate': 0.00012729547179163533, 'seed': 34, 'per_gpu_batch_size': 34}. 
81 0.0005456194321183642 86
[I 2022-06-03 18:58:04,407] Trial 16 finished with values: [0.5505130290985107, 0.808080792427063, 0.8440925478935242, 0.7777777910232544, 0.8095794320106506, 0.6629886627197266] and parameters: {'learning_rate': 0.0005456194321183642, 'seed': 81, 'per_gpu_batch_size': 86}. 
68 0.000538756010296315 105
[I 2022-06-03 18:59:48,653] Trial 17 finished with values: [0.5682782530784607, 0.7867564558982849, 0.8236009478569031, 0.7598204016685486, 0.7904261350631714, 0.5523020625114441] and parameters: {'learning_rate': 0.000538756010296315, 'seed': 68, 'per_gpu_batch_size': 105}. 
53 0.000504810001719515 53
[I 2022-06-03 19:01:38,969] Trial 18 finished with values: [0.5485423803329468, 0.808080792427063, 0.8357313871383667, 0.7822670936584473, 0.8081158995628357, 0.641377329826355] and parameters: {'learning_rate': 0.000504810001719515, 'seed': 53, 'per_gpu_batch_size': 53}. 
85 0.00045452692093831076 109
[I 2022-06-03 19:03:31,290] Trial 19 finished with values: [0.5881347060203552, 0.7777777910232544, 0.8254777193069458, 0.7272727489471436, 0.7732697129249573, 0.533566951751709] and parameters: {'learning_rate': 0.00045452692093831076, 'seed': 85, 'per_gpu_batch_size': 109}. 
24 0.000542064258588873 81
[I 2022-06-03 19:06:11,251] Trial 20 finished with values: [0.5355625748634338, 0.81144779920578, 0.8367593884468079, 0.7766554355621338, 0.8055879473686218, 0.6444541811943054] and parameters: {'learning_rate': 0.000542064258588873, 'seed': 24, 'per_gpu_batch_size': 81}. 
19 0.00054985912642093 88
[I 2022-06-03 19:07:56,550] Trial 21 finished with values: [0.5419719219207764, 0.8002244830131531, 0.8378048539161682, 0.7710437774658203, 0.8030391931533813, 0.6614649295806885] and parameters: {'learning_rate': 0.00054985912642093, 'seed': 19, 'per_gpu_batch_size': 88}. 
0 0.0006616143820383848 20
[I 2022-06-03 19:09:47,414] Trial 22 finished with values: [0.5411064624786377, 0.8148148059844971, 0.850422203540802, 0.7912458181381226, 0.819767415523529, 0.7135991454124451] and parameters: {'learning_rate': 0.0006616143820383848, 'seed': 0, 'per_gpu_batch_size': 20}. 
27 0.0009899917865188624 22
[I 2022-06-03 19:11:14,551] Trial 23 finished with values: [0.5599850416183472, 0.81144779920578, 0.8500619530677795, 0.7699214220046997, 0.8080093860626221, 0.699387788772583] and parameters: {'learning_rate': 0.0009899917865188624, 'seed': 27, 'per_gpu_batch_size': 22}. 
1 1.0903827876623057e-05 50
[I 2022-06-03 19:15:43,165] Trial 24 finished with values: [0.8452048301696777, 0.6565656661987305, 0.7873376607894897, 0.5443322062492371, 0.6436629295349121, 0.21123693883419037] and parameters: {'learning_rate': 1.0903827876623057e-05, 'seed': 1, 'per_gpu_batch_size': 50}. 
88 0.0001653952456657777 85
[I 2022-06-03 19:18:23,389] Trial 25 finished with values: [0.5658565163612366, 0.7845118045806885, 0.8308457732200623, 0.7497194409370422, 0.7882005572319031, 0.5379912853240967] and parameters: {'learning_rate': 0.0001653952456657777, 'seed': 88, 'per_gpu_batch_size': 85}. 
6 0.00017101442907679621 104